0 info it worked if it ends with ok
1 verbose cli [ '/usr/bin/nodejs', '/usr/bin/npm', 'install', 'spawn' ]
2 info using npm@1.3.10
3 info using node@v0.10.25
4 warn package.json organizemusic@1.0.0 No repository field.
5 warn package.json id3@0.0.3 No repository field.
6 verbose readDependencies using package.json deps
7 verbose cache add [ 'spawn', null ]
8 verbose cache add name=undefined spec="spawn" args=["spawn",null]
9 verbose parsed url { protocol: null,
9 verbose parsed url   slashes: null,
9 verbose parsed url   auth: null,
9 verbose parsed url   host: null,
9 verbose parsed url   port: null,
9 verbose parsed url   hostname: null,
9 verbose parsed url   hash: null,
9 verbose parsed url   search: null,
9 verbose parsed url   query: null,
9 verbose parsed url   pathname: 'spawn',
9 verbose parsed url   path: 'spawn',
9 verbose parsed url   href: 'spawn' }
10 silly lockFile 6227120a-spawn spawn
11 verbose lock spawn /home/angel/.npm/6227120a-spawn.lock
12 silly lockFile 6227120a-spawn spawn
13 silly lockFile 6227120a-spawn spawn
14 verbose addNamed [ 'spawn', '' ]
15 verbose addNamed [ null, '*' ]
16 silly lockFile 462ff5f4-spawn spawn@
17 verbose lock spawn@ /home/angel/.npm/462ff5f4-spawn.lock
18 silly addNameRange { name: 'spawn', range: '*', hasData: false }
19 verbose url raw spawn
20 verbose url resolving [ 'https://registry.npmjs.org/', './spawn' ]
21 verbose url resolved https://registry.npmjs.org/spawn
22 info trying registry request attempt 1 at 19:09:39
23 http GET https://registry.npmjs.org/spawn
24 http 200 https://registry.npmjs.org/spawn
25 silly registry.get cb [ 200,
25 silly registry.get   { server: 'CouchDB/1.5.0 (Erlang OTP/R16B03)',
25 silly registry.get     etag: '"AMOGBVCSV0TXJVJ7XLNUGOYEC"',
25 silly registry.get     'content-type': 'application/json',
25 silly registry.get     'cache-control': 'max-age=60',
25 silly registry.get     'content-length': '1180',
25 silly registry.get     'accept-ranges': 'bytes',
25 silly registry.get     date: 'Mon, 01 Jun 2015 17:09:38 GMT',
25 silly registry.get     via: '1.1 varnish',
25 silly registry.get     age: '0',
25 silly registry.get     connection: 'keep-alive',
25 silly registry.get     'x-served-by': 'cache-fra1233-FRA',
25 silly registry.get     'x-cache': 'MISS',
25 silly registry.get     'x-cache-hits': '0',
25 silly registry.get     'x-timer': 'S1433178578.001609,VS0,VE115',
25 silly registry.get     vary: 'Accept' } ]
26 silly addNameRange number 2 { name: 'spawn', range: '*', hasData: true }
27 silly addNameRange versions [ 'spawn', [ '0.0.1' ] ]
28 verbose addNamed [ 'spawn', '0.0.1' ]
29 verbose addNamed [ '0.0.1', '0.0.1' ]
30 silly lockFile fe240585-spawn-0-0-1 spawn@0.0.1
31 verbose lock spawn@0.0.1 /home/angel/.npm/fe240585-spawn-0-0-1.lock
32 silly lockFile 801b191b--npmjs-org-spawn-spawn-0-0-1-tgz https://registry.npmjs.org/spawn/-/spawn-0.0.1.tgz
33 verbose lock https://registry.npmjs.org/spawn/-/spawn-0.0.1.tgz /home/angel/.npm/801b191b--npmjs-org-spawn-spawn-0-0-1-tgz.lock
34 verbose addRemoteTarball [ 'https://registry.npmjs.org/spawn/-/spawn-0.0.1.tgz',
34 verbose addRemoteTarball   '6e9daba98c4722c04f9dce1945b0e7ae671dfe8e' ]
35 info retry fetch attempt 1 at 19:09:39
36 verbose fetch to= /home/angel/tmp/npm-4014-xy3qjP5N/1433178579780-0.7348992465995252/tmp.tgz
37 http GET https://registry.npmjs.org/spawn/-/spawn-0.0.1.tgz
38 http 200 https://registry.npmjs.org/spawn/-/spawn-0.0.1.tgz
39 verbose tar unpack /home/angel/tmp/npm-4014-xy3qjP5N/1433178579780-0.7348992465995252/tmp.tgz
40 silly lockFile 2a56c022-79780-0-7348992465995252-package tar:///home/angel/tmp/npm-4014-xy3qjP5N/1433178579780-0.7348992465995252/package
41 verbose lock tar:///home/angel/tmp/npm-4014-xy3qjP5N/1433178579780-0.7348992465995252/package /home/angel/.npm/2a56c022-79780-0-7348992465995252-package.lock
42 silly lockFile 30ac2458-79780-0-7348992465995252-tmp-tgz tar:///home/angel/tmp/npm-4014-xy3qjP5N/1433178579780-0.7348992465995252/tmp.tgz
43 verbose lock tar:///home/angel/tmp/npm-4014-xy3qjP5N/1433178579780-0.7348992465995252/tmp.tgz /home/angel/.npm/30ac2458-79780-0-7348992465995252-tmp-tgz.lock
44 silly gunzTarPerm modes [ '755', '644' ]
45 silly gunzTarPerm extractEntry .gitignore
46 silly gunzTarPerm extractEntry package.json
47 silly gunzTarPerm extractEntry readme.md
48 silly gunzTarPerm extractEntry spawn.js
49 silly gunzTarPerm extractEntry utils.js
50 silly gunzTarPerm extractEntry worker_wrapper.js
51 silly gunzTarPerm extractEntry test/spawn-test.js
52 silly gunzTarPerm extractEntry test/worker-file.js
53 silly lockFile 2a56c022-79780-0-7348992465995252-package tar:///home/angel/tmp/npm-4014-xy3qjP5N/1433178579780-0.7348992465995252/package
54 silly lockFile 2a56c022-79780-0-7348992465995252-package tar:///home/angel/tmp/npm-4014-xy3qjP5N/1433178579780-0.7348992465995252/package
55 silly lockFile 30ac2458-79780-0-7348992465995252-tmp-tgz tar:///home/angel/tmp/npm-4014-xy3qjP5N/1433178579780-0.7348992465995252/tmp.tgz
56 silly lockFile 30ac2458-79780-0-7348992465995252-tmp-tgz tar:///home/angel/tmp/npm-4014-xy3qjP5N/1433178579780-0.7348992465995252/tmp.tgz
57 verbose tar pack [ '/home/angel/.npm/spawn/0.0.1/package.tgz',
57 verbose tar pack   '/home/angel/tmp/npm-4014-xy3qjP5N/1433178579780-0.7348992465995252/package' ]
58 verbose tarball /home/angel/.npm/spawn/0.0.1/package.tgz
59 verbose folder /home/angel/tmp/npm-4014-xy3qjP5N/1433178579780-0.7348992465995252/package
60 silly lockFile 2a56c022-79780-0-7348992465995252-package tar:///home/angel/tmp/npm-4014-xy3qjP5N/1433178579780-0.7348992465995252/package
61 verbose lock tar:///home/angel/tmp/npm-4014-xy3qjP5N/1433178579780-0.7348992465995252/package /home/angel/.npm/2a56c022-79780-0-7348992465995252-package.lock
62 silly lockFile 10fbd27f-ngel-npm-spawn-0-0-1-package-tgz tar:///home/angel/.npm/spawn/0.0.1/package.tgz
63 verbose lock tar:///home/angel/.npm/spawn/0.0.1/package.tgz /home/angel/.npm/10fbd27f-ngel-npm-spawn-0-0-1-package-tgz.lock
64 silly lockFile 2a56c022-79780-0-7348992465995252-package tar:///home/angel/tmp/npm-4014-xy3qjP5N/1433178579780-0.7348992465995252/package
65 silly lockFile 2a56c022-79780-0-7348992465995252-package tar:///home/angel/tmp/npm-4014-xy3qjP5N/1433178579780-0.7348992465995252/package
66 silly lockFile 10fbd27f-ngel-npm-spawn-0-0-1-package-tgz tar:///home/angel/.npm/spawn/0.0.1/package.tgz
67 silly lockFile 10fbd27f-ngel-npm-spawn-0-0-1-package-tgz tar:///home/angel/.npm/spawn/0.0.1/package.tgz
68 silly lockFile ef7840f3-me-angel-npm-spawn-0-0-1-package /home/angel/.npm/spawn/0.0.1/package
69 verbose lock /home/angel/.npm/spawn/0.0.1/package /home/angel/.npm/ef7840f3-me-angel-npm-spawn-0-0-1-package.lock
70 silly lockFile ef7840f3-me-angel-npm-spawn-0-0-1-package /home/angel/.npm/spawn/0.0.1/package
71 silly lockFile ef7840f3-me-angel-npm-spawn-0-0-1-package /home/angel/.npm/spawn/0.0.1/package
72 verbose tar unpack /home/angel/.npm/spawn/0.0.1/package.tgz
73 silly lockFile 3dc7d1f1-me-angel-npm-spawn-0-0-1-package tar:///home/angel/.npm/spawn/0.0.1/package
74 verbose lock tar:///home/angel/.npm/spawn/0.0.1/package /home/angel/.npm/3dc7d1f1-me-angel-npm-spawn-0-0-1-package.lock
75 silly lockFile 10fbd27f-ngel-npm-spawn-0-0-1-package-tgz tar:///home/angel/.npm/spawn/0.0.1/package.tgz
76 verbose lock tar:///home/angel/.npm/spawn/0.0.1/package.tgz /home/angel/.npm/10fbd27f-ngel-npm-spawn-0-0-1-package-tgz.lock
77 silly gunzTarPerm modes [ '755', '644' ]
78 silly gunzTarPerm extractEntry package.json
79 silly gunzTarPerm extractEntry spawn.js
80 silly gunzTarPerm extractEntry utils.js
81 silly gunzTarPerm extractEntry worker_wrapper.js
82 silly gunzTarPerm extractEntry readme.md
83 silly gunzTarPerm extractEntry test/spawn-test.js
84 silly gunzTarPerm extractEntry test/worker-file.js
85 silly lockFile 3dc7d1f1-me-angel-npm-spawn-0-0-1-package tar:///home/angel/.npm/spawn/0.0.1/package
86 silly lockFile 3dc7d1f1-me-angel-npm-spawn-0-0-1-package tar:///home/angel/.npm/spawn/0.0.1/package
87 silly lockFile 10fbd27f-ngel-npm-spawn-0-0-1-package-tgz tar:///home/angel/.npm/spawn/0.0.1/package.tgz
88 silly lockFile 10fbd27f-ngel-npm-spawn-0-0-1-package-tgz tar:///home/angel/.npm/spawn/0.0.1/package.tgz
89 verbose chmod /home/angel/.npm/spawn/0.0.1/package.tgz 644
90 verbose chown /home/angel/.npm/spawn/0.0.1/package.tgz [ 1000, 1000 ]
91 silly lockFile 801b191b--npmjs-org-spawn-spawn-0-0-1-tgz https://registry.npmjs.org/spawn/-/spawn-0.0.1.tgz
92 silly lockFile 801b191b--npmjs-org-spawn-spawn-0-0-1-tgz https://registry.npmjs.org/spawn/-/spawn-0.0.1.tgz
93 silly lockFile fe240585-spawn-0-0-1 spawn@0.0.1
94 silly lockFile fe240585-spawn-0-0-1 spawn@0.0.1
95 silly lockFile 462ff5f4-spawn spawn@
96 silly lockFile 462ff5f4-spawn spawn@
97 silly resolved [ { name: 'spawn',
97 silly resolved     description: 'Seamless multi-process worker management',
97 silly resolved     version: '0.0.1',
97 silly resolved     author:
97 silly resolved      { name: 'Mirko Kiefer',
97 silly resolved        email: 'mail@mirkokiefer.com',
97 silly resolved        url: 'http://www.mirkokiefer.com' },
97 silly resolved     main: 'spawn',
97 silly resolved     directories: { test: './test' },
97 silly resolved     dependencies:
97 silly resolved      { webworker: 'https://github.com/mirkok/node-webworker/tarball/master',
97 silly resolved        underscore: 'https://github.com/mirkok/underscore/tarball/master' },
97 silly resolved     devDependencies: { vows: '*' },
97 silly resolved     engines: { node: '*' },
97 silly resolved     readme: '# spawn.js\n\nspawn.js aims to make multi-process programming with Node.js a joy.\n\nThe library allows you to spawn any function in a new Node.js instance.\n\nYou get back an [EventEmitter](http://nodejs.org/docs/v0.4.7/api/events.html#events.EventEmitter) that you can use to communicate with the spawned worker.\n\n## Example\n\n``` javascript\nvar spawn = require(\'spawn\');\n\nvar helloWorldFunction = function(events) {\n  events.on(\'talk_to_me\', function() {\n    events.emit(\'worker_message\', \'hello_world\');\n  });\n};\n\n// spawn helloWorldFunction in a new process:\nvar helloWorldWorker = spawn(helloWorldFunction);\n\n// listen on the helloWorldWorker\'s EventEmitter:\nhelloWorldWorker.on(\'worker_message\', function(message) {\n  console.log(message);\n});\n\n// emit an event that gets propagated to the worker:\nhelloWorldWorker.emit(\'talk_to_me\');\n```\n\nWhen spawning a function, spawn.js essentially returns you an [EventEmitter](http://nodejs.org/docs/v0.4.7/api/events.html#events.EventEmitter) that gets synced between the master and child process.\n\nSo in the example above \'helloWorldWorker\' and the \'events\' parameter in \'helloWorldFunction\' are EventEmitters synced to each other.\n\n## Documentation\nYou can access the module by doing:\n\n``` javascript\nvar spawn = require(\'spawn\');\n```\n\n### spawn:\n``` javascript\nvar anEventEmitter = spawn(aWorkerFunction);\n```\nSpawns a new process running aWorkerFunction by passing it an EventEmitter. A synced version of the same EventEmitter gets returned in the spawning master process.\nAll emits on the returned EventEmitter get copied to the workerFunction\'s emitter. \n\n``` javascript\nvar anEventEmitter = spawn(aWorkerModulePath);\n```\nSpawns a new process by running the function defined in aWorkerModulePath.\nWhen using this function to spawn a worker you avoid the network and serialization overhead of passing the worker function to the new process. But its of course only half as sexy as having it all defined in one source file...\n\n### worker function:\n``` javascript\nfunction(anEventEmitter) { }\n```\nAs the function will get executed within a new Node instance you should not reference anything outside the function\'s lexical scope.\n\n### worker module:\nIf you pass a path to spawn you need to have a module defined like this:\n\n``` javascript\nmodule.exports = function(anEventEmitter) { }\n```\n\n### EventEmitter:\nThe event emitters passed to the worker function and returned by spawn, behaves as described in the [Node.js documentation](http://nodejs.org/docs/v0.4.7/api/events.html#events.EventEmitter). As all events are copied between the master\'s and child\'s version of the emitter you may only pass objects as event parameters that can be serialized to JSON.\n\nThere are only two reserved events on the synced EventEmitters:\n#### Event: \'terminate\'\n``` javascript\nfunction() { }\n```\nEmitting this event will terminate the worker.\n\n#### Event: \'terminated\'\n``` javascript\nfunction() { }\n```\nThis event will be emitted when the worker has been terminated.\n\n## Dependencies\n\nInstead of rolling our own custom protocol we rely on the WebWorker API for any communication with spawned workers.\n\nMany thanks to Peter Griess\' excellent [node-webworker](https://github.com/mirkok/node-webworker) module implementing the WebWorker API - we use a slightly modified version of his library.',
97 silly resolved     readmeFilename: 'readme.md',
97 silly resolved     _id: 'spawn@0.0.1',
97 silly resolved     dist: { shasum: '28af89033be497fe23adf8af79c2f511c5f26b58' },
97 silly resolved     _from: 'spawn@',
97 silly resolved     _resolved: 'https://registry.npmjs.org/spawn/-/spawn-0.0.1.tgz' } ]
98 info install spawn@0.0.1 into /home/angel/organizemusic
99 info installOne spawn@0.0.1
100 info /home/angel/organizemusic/node_modules/spawn unbuild
101 verbose tar unpack /home/angel/.npm/spawn/0.0.1/package.tgz
102 silly lockFile 983bf91f-organizemusic-node-modules-spawn tar:///home/angel/organizemusic/node_modules/spawn
103 verbose lock tar:///home/angel/organizemusic/node_modules/spawn /home/angel/.npm/983bf91f-organizemusic-node-modules-spawn.lock
104 silly lockFile 10fbd27f-ngel-npm-spawn-0-0-1-package-tgz tar:///home/angel/.npm/spawn/0.0.1/package.tgz
105 verbose lock tar:///home/angel/.npm/spawn/0.0.1/package.tgz /home/angel/.npm/10fbd27f-ngel-npm-spawn-0-0-1-package-tgz.lock
106 silly gunzTarPerm modes [ '755', '644' ]
107 silly gunzTarPerm extractEntry package.json
108 silly gunzTarPerm extractEntry spawn.js
109 silly gunzTarPerm extractEntry utils.js
110 silly gunzTarPerm extractEntry worker_wrapper.js
111 silly gunzTarPerm extractEntry readme.md
112 silly gunzTarPerm extractEntry test/spawn-test.js
113 silly gunzTarPerm extractEntry test/worker-file.js
114 silly lockFile 983bf91f-organizemusic-node-modules-spawn tar:///home/angel/organizemusic/node_modules/spawn
115 silly lockFile 983bf91f-organizemusic-node-modules-spawn tar:///home/angel/organizemusic/node_modules/spawn
116 silly lockFile 10fbd27f-ngel-npm-spawn-0-0-1-package-tgz tar:///home/angel/.npm/spawn/0.0.1/package.tgz
117 silly lockFile 10fbd27f-ngel-npm-spawn-0-0-1-package-tgz tar:///home/angel/.npm/spawn/0.0.1/package.tgz
118 info preinstall spawn@0.0.1
119 verbose readDependencies using package.json deps
120 verbose readDependencies using package.json deps
121 verbose cache add [ 'webworker@https://github.com/mirkok/node-webworker/tarball/master',
121 verbose cache add   null ]
122 verbose cache add name=undefined spec="webworker@https://github.com/mirkok/node-webworker/tarball/master" args=["webworker@https://github.com/mirkok/node-webworker/tarball/master",null]
123 verbose parsed url { protocol: null,
123 verbose parsed url   slashes: null,
123 verbose parsed url   auth: null,
123 verbose parsed url   host: null,
123 verbose parsed url   port: null,
123 verbose parsed url   hostname: null,
123 verbose parsed url   hash: null,
123 verbose parsed url   search: null,
123 verbose parsed url   query: null,
123 verbose parsed url   pathname: 'webworker@https://github.com/mirkok/node-webworker/tarball/master',
123 verbose parsed url   path: 'webworker@https://github.com/mirkok/node-webworker/tarball/master',
123 verbose parsed url   href: 'webworker@https://github.com/mirkok/node-webworker/tarball/master' }
124 verbose cache add name="webworker" spec="https://github.com/mirkok/node-webworker/tarball/master" args=["webworker","https://github.com/mirkok/node-webworker/tarball/master"]
125 verbose parsed url { protocol: 'https:',
125 verbose parsed url   slashes: true,
125 verbose parsed url   auth: null,
125 verbose parsed url   host: 'github.com',
125 verbose parsed url   port: null,
125 verbose parsed url   hostname: 'github.com',
125 verbose parsed url   hash: null,
125 verbose parsed url   search: null,
125 verbose parsed url   query: null,
125 verbose parsed url   pathname: '/mirkok/node-webworker/tarball/master',
125 verbose parsed url   path: '/mirkok/node-webworker/tarball/master',
125 verbose parsed url   href: 'https://github.com/mirkok/node-webworker/tarball/master' }
126 silly lockFile 48cc7661-ok-node-webworker-tarball-master https://github.com/mirkok/node-webworker/tarball/master
127 verbose lock https://github.com/mirkok/node-webworker/tarball/master /home/angel/.npm/48cc7661-ok-node-webworker-tarball-master.lock
128 verbose cache add [ 'underscore@https://github.com/mirkok/underscore/tarball/master',
128 verbose cache add   null ]
129 verbose cache add name=undefined spec="underscore@https://github.com/mirkok/underscore/tarball/master" args=["underscore@https://github.com/mirkok/underscore/tarball/master",null]
130 verbose parsed url { protocol: null,
130 verbose parsed url   slashes: null,
130 verbose parsed url   auth: null,
130 verbose parsed url   host: null,
130 verbose parsed url   port: null,
130 verbose parsed url   hostname: null,
130 verbose parsed url   hash: null,
130 verbose parsed url   search: null,
130 verbose parsed url   query: null,
130 verbose parsed url   pathname: 'underscore@https://github.com/mirkok/underscore/tarball/master',
130 verbose parsed url   path: 'underscore@https://github.com/mirkok/underscore/tarball/master',
130 verbose parsed url   href: 'underscore@https://github.com/mirkok/underscore/tarball/master' }
131 verbose cache add name="underscore" spec="https://github.com/mirkok/underscore/tarball/master" args=["underscore","https://github.com/mirkok/underscore/tarball/master"]
132 verbose parsed url { protocol: 'https:',
132 verbose parsed url   slashes: true,
132 verbose parsed url   auth: null,
132 verbose parsed url   host: 'github.com',
132 verbose parsed url   port: null,
132 verbose parsed url   hostname: 'github.com',
132 verbose parsed url   hash: null,
132 verbose parsed url   search: null,
132 verbose parsed url   query: null,
132 verbose parsed url   pathname: '/mirkok/underscore/tarball/master',
132 verbose parsed url   path: '/mirkok/underscore/tarball/master',
132 verbose parsed url   href: 'https://github.com/mirkok/underscore/tarball/master' }
133 silly lockFile 90bceead-mirkok-underscore-tarball-master https://github.com/mirkok/underscore/tarball/master
134 verbose lock https://github.com/mirkok/underscore/tarball/master /home/angel/.npm/90bceead-mirkok-underscore-tarball-master.lock
135 verbose addRemoteTarball [ 'https://github.com/mirkok/node-webworker/tarball/master',
135 verbose addRemoteTarball   null ]
136 verbose addRemoteTarball [ 'https://github.com/mirkok/underscore/tarball/master', null ]
137 info retry fetch attempt 1 at 19:09:40
138 verbose fetch to= /home/angel/tmp/npm-4014-xy3qjP5N/1433178580265-0.2651799488812685/tmp.tgz
139 info retry fetch attempt 1 at 19:09:40
140 verbose fetch to= /home/angel/tmp/npm-4014-xy3qjP5N/1433178580266-0.5382277255412191/tmp.tgz
141 http GET https://github.com/mirkok/node-webworker/tarball/master
142 http GET https://github.com/mirkok/underscore/tarball/master
143 http 404 https://github.com/mirkok/underscore/tarball/master
144 http 404 https://github.com/mirkok/node-webworker/tarball/master
145 error fetch failed https://github.com/mirkok/underscore/tarball/master
146 silly lockFile 90bceead-mirkok-underscore-tarball-master https://github.com/mirkok/underscore/tarball/master
147 silly lockFile 90bceead-mirkok-underscore-tarball-master https://github.com/mirkok/underscore/tarball/master
148 verbose about to build /home/angel/organizemusic/node_modules/spawn
149 info /home/angel/organizemusic/node_modules/spawn unbuild
150 info preuninstall spawn@0.0.1
151 info uninstall spawn@0.0.1
152 verbose true,/home/angel/organizemusic/node_modules,/home/angel/organizemusic/node_modules unbuild spawn@0.0.1
153 info postuninstall spawn@0.0.1
154 error Error: 404 Not Found
154 error     at WriteStream.<anonymous> (/usr/share/npm/lib/utils/fetch.js:57:12)
154 error     at WriteStream.EventEmitter.emit (events.js:117:20)
154 error     at fs.js:1601:14
154 error     at /usr/lib/nodejs/graceful-fs/graceful-fs.js:103:5
154 error     at Object.oncomplete (fs.js:107:15)
155 error If you need help, you may report this log at:
155 error     <http://github.com/isaacs/npm/issues>
155 error or email it to:
155 error     <npm-@googlegroups.com>
156 error System Linux 3.13.0-52-generic
157 error command "/usr/bin/nodejs" "/usr/bin/npm" "install" "spawn"
158 error cwd /home/angel/organizemusic
159 error node -v v0.10.25
160 error npm -v 1.3.10
161 verbose exit [ 1, true ]
